Luodaan virtuaaliympäristö...
requirements.txt ei löytynyt!
fetch_weather.py ei löytynyt!
Valmis!
requirements.txt ei löytynyt!
fetch_weather.py ei löytynyt!
Valmis!
requirements.txt ei löytynyt!
fetch_weather.py ei löytynyt!
Valmis!
Requirement already satisfied: pip in ./Linux/cron_assignment/venv/lib/python3.12/site-packages (25.3)
Requirement already satisfied: mysql-connector-python in ./Linux/cron_assignment/venv/lib/python3.12/site-packages (from -r /home/ubuntu/Linux/cron_assignment/requirements.txt (line 1)) (9.5.0)
Data tallennettu: Helsinki 2.35°C, clouds 75%, 2025-11-20 18:55:02.439735
Requirement already satisfied: pip in ./Linux/cron_assignment/venv/lib/python3.12/site-packages (25.3)
Requirement already satisfied: mysql-connector-python in ./Linux/cron_assignment/venv/lib/python3.12/site-packages (from -r /home/ubuntu/Linux/cron_assignment/requirements.txt (line 1)) (9.5.0)
Data tallennettu: Helsinki 2.35°C, clouds 75%, 2025-11-20 19:00:03.000384
Requirement already satisfied: pip in ./Linux/cron_assignment/venv/lib/python3.12/site-packages (25.3)
Requirement already satisfied: mysql-connector-python in ./Linux/cron_assignment/venv/lib/python3.12/site-packages (from -r /home/ubuntu/Linux/cron_assignment/requirements.txt (line 1)) (9.5.0)
Data tallennettu: Helsinki 2.35°C, clouds 75%, 2025-11-20 19:15:02.660403
Requirement already satisfied: pip in ./Linux/cron_assignment/venv/lib/python3.12/site-packages (25.3)
Requirement already satisfied: mysql-connector-python in ./Linux/cron_assignment/venv/lib/python3.12/site-packages (from -r /home/ubuntu/Linux/cron_assignment/requirements.txt (line 1)) (9.5.0)
Data tallennettu: Helsinki 2.28°C, clouds 75%, 2025-11-20 19:30:03.127330
Requirement already satisfied: pip in ./Linux/cron_assignment/venv/lib/python3.12/site-packages (25.3)
Requirement already satisfied: mysql-connector-python in ./Linux/cron_assignment/venv/lib/python3.12/site-packages (from -r /home/ubuntu/Linux/cron_assignment/requirements.txt (line 1)) (9.5.0)
Data tallennettu: Helsinki 2.35°C, clouds 75%, 2025-11-20 19:45:02.605385
Requirement already satisfied: pip in ./Linux/cron_assignment/venv/lib/python3.12/site-packages (25.3)
Requirement already satisfied: mysql-connector-python in ./Linux/cron_assignment/venv/lib/python3.12/site-packages (from -r /home/ubuntu/Linux/cron_assignment/requirements.txt (line 1)) (9.5.0)
Data tallennettu: Helsinki 2.28°C, clouds 75%, 2025-11-20 20:00:03.048057
Requirement already satisfied: pip in ./Linux/cron_assignment/venv/lib/python3.12/site-packages (25.3)
Requirement already satisfied: mysql-connector-python in ./Linux/cron_assignment/venv/lib/python3.12/site-packages (from -r /home/ubuntu/Linux/cron_assignment/requirements.txt (line 1)) (9.5.0)
Data tallennettu: Helsinki 2.11°C, clouds 75%, 2025-11-20 20:15:02.265289
Requirement already satisfied: pip in ./Linux/cron_assignment/venv/lib/python3.12/site-packages (25.3)
Requirement already satisfied: mysql-connector-python in ./Linux/cron_assignment/venv/lib/python3.12/site-packages (from -r /home/ubuntu/Linux/cron_assignment/requirements.txt (line 1)) (9.5.0)
Data tallennettu: Helsinki 2.11°C, clouds 75%, 2025-11-20 20:30:02.771905
Requirement already satisfied: pip in ./Linux/cron_assignment/venv/lib/python3.12/site-packages (25.3)
Requirement already satisfied: mysql-connector-python in ./Linux/cron_assignment/venv/lib/python3.12/site-packages (from -r /home/ubuntu/Linux/cron_assignment/requirements.txt (line 1)) (9.5.0)
Data tallennettu: Helsinki 2.1°C, clouds 75%, 2025-11-20 20:45:02.353040
Requirement already satisfied: pip in ./Linux/cron_assignment/venv/lib/python3.12/site-packages (25.3)
Requirement already satisfied: mysql-connector-python in ./Linux/cron_assignment/venv/lib/python3.12/site-packages (from -r /home/ubuntu/Linux/cron_assignment/requirements.txt (line 1)) (9.5.0)
Data tallennettu: Helsinki 1.95°C, clouds 75%, 2025-11-20 21:00:02.549646
Requirement already satisfied: pip in ./Linux/cron_assignment/venv/lib/python3.12/site-packages (25.3)
Requirement already satisfied: mysql-connector-python in ./Linux/cron_assignment/venv/lib/python3.12/site-packages (from -r /home/ubuntu/Linux/cron_assignment/requirements.txt (line 1)) (9.5.0)
Data tallennettu: Helsinki 1.9°C, clouds 75%, 2025-11-20 21:15:02.754688
Requirement already satisfied: pip in ./Linux/cron_assignment/venv/lib/python3.12/site-packages (25.3)
Requirement already satisfied: mysql-connector-python in ./Linux/cron_assignment/venv/lib/python3.12/site-packages (from -r /home/ubuntu/Linux/cron_assignment/requirements.txt (line 1)) (9.5.0)
Data tallennettu: Helsinki 1.77°C, clouds 75%, 2025-11-20 21:30:02.947226
Requirement already satisfied: pip in ./Linux/cron_assignment/venv/lib/python3.12/site-packages (25.3)
Requirement already satisfied: mysql-connector-python in ./Linux/cron_assignment/venv/lib/python3.12/site-packages (from -r /home/ubuntu/Linux/cron_assignment/requirements.txt (line 1)) (9.5.0)
Data tallennettu: Helsinki 1.77°C, clouds 75%, 2025-11-20 21:45:02.237678
Requirement already satisfied: pip in ./Linux/cron_assignment/venv/lib/python3.12/site-packages (25.3)
Requirement already satisfied: mysql-connector-python in ./Linux/cron_assignment/venv/lib/python3.12/site-packages (from -r /home/ubuntu/Linux/cron_assignment/requirements.txt (line 1)) (9.5.0)
Data tallennettu: Helsinki 1.76°C, clouds 75%, 2025-11-20 22:00:02.553809
Requirement already satisfied: pip in ./Linux/cron_assignment/venv/lib/python3.12/site-packages (25.3)
Requirement already satisfied: mysql-connector-python in ./Linux/cron_assignment/venv/lib/python3.12/site-packages (from -r /home/ubuntu/Linux/cron_assignment/requirements.txt (line 1)) (9.5.0)
Data tallennettu: Helsinki 1.76°C, clouds 75%, 2025-11-20 22:15:02.962460
Requirement already satisfied: pip in ./Linux/cron_assignment/venv/lib/python3.12/site-packages (25.3)
Requirement already satisfied: mysql-connector-python in ./Linux/cron_assignment/venv/lib/python3.12/site-packages (from -r /home/ubuntu/Linux/cron_assignment/requirements.txt (line 1)) (9.5.0)
Data tallennettu: Helsinki 1.62°C, clouds 75%, 2025-11-20 22:30:02.330046
Requirement already satisfied: pip in ./Linux/cron_assignment/venv/lib/python3.12/site-packages (25.3)
Requirement already satisfied: mysql-connector-python in ./Linux/cron_assignment/venv/lib/python3.12/site-packages (from -r /home/ubuntu/Linux/cron_assignment/requirements.txt (line 1)) (9.5.0)
Data tallennettu: Helsinki 1.73°C, clouds 75%, 2025-11-20 22:45:02.660844
Requirement already satisfied: pip in ./Linux/cron_assignment/venv/lib/python3.12/site-packages (25.3)
Requirement already satisfied: mysql-connector-python in ./Linux/cron_assignment/venv/lib/python3.12/site-packages (from -r /home/ubuntu/Linux/cron_assignment/requirements.txt (line 1)) (9.5.0)
Data tallennettu: Helsinki 1.73°C, clouds 75%, 2025-11-20 23:00:03.008773
Requirement already satisfied: pip in ./Linux/cron_assignment/venv/lib/python3.12/site-packages (25.3)
Requirement already satisfied: mysql-connector-python in ./Linux/cron_assignment/venv/lib/python3.12/site-packages (from -r /home/ubuntu/Linux/cron_assignment/requirements.txt (line 1)) (9.5.0)
Data tallennettu: Helsinki 1.73°C, clouds 75%, 2025-11-20 23:15:02.715096
Requirement already satisfied: pip in ./Linux/cron_assignment/venv/lib/python3.12/site-packages (25.3)
Requirement already satisfied: mysql-connector-python in ./Linux/cron_assignment/venv/lib/python3.12/site-packages (from -r /home/ubuntu/Linux/cron_assignment/requirements.txt (line 1)) (9.5.0)
Data tallennettu: Helsinki 1.73°C, clouds 75%, 2025-11-20 23:30:03.035230
Requirement already satisfied: pip in ./Linux/cron_assignment/venv/lib/python3.12/site-packages (25.3)
Requirement already satisfied: mysql-connector-python in ./Linux/cron_assignment/venv/lib/python3.12/site-packages (from -r /home/ubuntu/Linux/cron_assignment/requirements.txt (line 1)) (9.5.0)
Data tallennettu: Helsinki 1.69°C, clouds 75%, 2025-11-20 23:45:02.770072
Requirement already satisfied: pip in ./Linux/cron_assignment/venv/lib/python3.12/site-packages (25.3)
Requirement already satisfied: mysql-connector-python in ./Linux/cron_assignment/venv/lib/python3.12/site-packages (from -r /home/ubuntu/Linux/cron_assignment/requirements.txt (line 1)) (9.5.0)
Data tallennettu: Helsinki 1.51°C, clouds 75%, 2025-11-21 00:00:04.004282
Requirement already satisfied: pip in ./Linux/cron_assignment/venv/lib/python3.12/site-packages (25.3)
Requirement already satisfied: mysql-connector-python in ./Linux/cron_assignment/venv/lib/python3.12/site-packages (from -r /home/ubuntu/Linux/cron_assignment/requirements.txt (line 1)) (9.5.0)
Data tallennettu: Helsinki 1.51°C, clouds 75%, 2025-11-21 00:15:02.968749
Requirement already satisfied: pip in ./Linux/cron_assignment/venv/lib/python3.12/site-packages (25.3)
Requirement already satisfied: mysql-connector-python in ./Linux/cron_assignment/venv/lib/python3.12/site-packages (from -r /home/ubuntu/Linux/cron_assignment/requirements.txt (line 1)) (9.5.0)
Data tallennettu: Helsinki 1.54°C, clouds 75%, 2025-11-21 00:30:02.598599
Requirement already satisfied: pip in ./Linux/cron_assignment/venv/lib/python3.12/site-packages (25.3)
Requirement already satisfied: mysql-connector-python in ./Linux/cron_assignment/venv/lib/python3.12/site-packages (from -r /home/ubuntu/Linux/cron_assignment/requirements.txt (line 1)) (9.5.0)
Data tallennettu: Helsinki 1.54°C, clouds 75%, 2025-11-21 00:45:02.861093
Requirement already satisfied: pip in ./Linux/cron_assignment/venv/lib/python3.12/site-packages (25.3)
Requirement already satisfied: mysql-connector-python in ./Linux/cron_assignment/venv/lib/python3.12/site-packages (from -r /home/ubuntu/Linux/cron_assignment/requirements.txt (line 1)) (9.5.0)
Data tallennettu: Helsinki 1.51°C, clouds 75%, 2025-11-21 01:00:02.448900
Requirement already satisfied: pip in ./Linux/cron_assignment/venv/lib/python3.12/site-packages (25.3)
Requirement already satisfied: mysql-connector-python in ./Linux/cron_assignment/venv/lib/python3.12/site-packages (from -r /home/ubuntu/Linux/cron_assignment/requirements.txt (line 1)) (9.5.0)
Data tallennettu: Helsinki 1.51°C, clouds 75%, 2025-11-21 01:15:02.893545
Requirement already satisfied: pip in ./Linux/cron_assignment/venv/lib/python3.12/site-packages (25.3)
Requirement already satisfied: mysql-connector-python in ./Linux/cron_assignment/venv/lib/python3.12/site-packages (from -r /home/ubuntu/Linux/cron_assignment/requirements.txt (line 1)) (9.5.0)
Data tallennettu: Helsinki 1.5°C, clouds 75%, 2025-11-21 01:30:02.363642
Requirement already satisfied: pip in ./Linux/cron_assignment/venv/lib/python3.12/site-packages (25.3)
Requirement already satisfied: mysql-connector-python in ./Linux/cron_assignment/venv/lib/python3.12/site-packages (from -r /home/ubuntu/Linux/cron_assignment/requirements.txt (line 1)) (9.5.0)
Data tallennettu: Helsinki 1.5°C, clouds 75%, 2025-11-21 01:45:03.272080
Requirement already satisfied: pip in ./Linux/cron_assignment/venv/lib/python3.12/site-packages (25.3)
Requirement already satisfied: mysql-connector-python in ./Linux/cron_assignment/venv/lib/python3.12/site-packages (from -r /home/ubuntu/Linux/cron_assignment/requirements.txt (line 1)) (9.5.0)
Data tallennettu: Helsinki 1.43°C, clouds 75%, 2025-11-21 02:00:02.664861
Requirement already satisfied: pip in ./Linux/cron_assignment/venv/lib/python3.12/site-packages (25.3)
Requirement already satisfied: mysql-connector-python in ./Linux/cron_assignment/venv/lib/python3.12/site-packages (from -r /home/ubuntu/Linux/cron_assignment/requirements.txt (line 1)) (9.5.0)
Data tallennettu: Helsinki 1.49°C, clouds 75%, 2025-11-21 02:15:02.454281
Requirement already satisfied: pip in ./Linux/cron_assignment/venv/lib/python3.12/site-packages (25.3)
Requirement already satisfied: mysql-connector-python in ./Linux/cron_assignment/venv/lib/python3.12/site-packages (from -r /home/ubuntu/Linux/cron_assignment/requirements.txt (line 1)) (9.5.0)
Data tallennettu: Helsinki 1.45°C, clouds 75%, 2025-11-21 02:30:03.056413
Requirement already satisfied: pip in ./Linux/cron_assignment/venv/lib/python3.12/site-packages (25.3)
Requirement already satisfied: mysql-connector-python in ./Linux/cron_assignment/venv/lib/python3.12/site-packages (from -r /home/ubuntu/Linux/cron_assignment/requirements.txt (line 1)) (9.5.0)
Data tallennettu: Helsinki 1.3°C, clouds 75%, 2025-11-21 02:45:02.489782
Requirement already satisfied: pip in ./Linux/cron_assignment/venv/lib/python3.12/site-packages (25.3)
Requirement already satisfied: mysql-connector-python in ./Linux/cron_assignment/venv/lib/python3.12/site-packages (from -r /home/ubuntu/Linux/cron_assignment/requirements.txt (line 1)) (9.5.0)
Data tallennettu: Helsinki 1.2°C, clouds 75%, 2025-11-21 03:00:02.798436
Requirement already satisfied: pip in ./Linux/cron_assignment/venv/lib/python3.12/site-packages (25.3)
Requirement already satisfied: mysql-connector-python in ./Linux/cron_assignment/venv/lib/python3.12/site-packages (from -r /home/ubuntu/Linux/cron_assignment/requirements.txt (line 1)) (9.5.0)
Data tallennettu: Helsinki 1.2°C, clouds 75%, 2025-11-21 03:15:03.238178
Requirement already satisfied: pip in ./Linux/cron_assignment/venv/lib/python3.12/site-packages (25.3)
Requirement already satisfied: mysql-connector-python in ./Linux/cron_assignment/venv/lib/python3.12/site-packages (from -r /home/ubuntu/Linux/cron_assignment/requirements.txt (line 1)) (9.5.0)
Data tallennettu: Helsinki 1.47°C, clouds 75%, 2025-11-21 03:30:02.700782
Requirement already satisfied: pip in ./Linux/cron_assignment/venv/lib/python3.12/site-packages (25.3)
Requirement already satisfied: mysql-connector-python in ./Linux/cron_assignment/venv/lib/python3.12/site-packages (from -r /home/ubuntu/Linux/cron_assignment/requirements.txt (line 1)) (9.5.0)
Data tallennettu: Helsinki 1.37°C, clouds 75%, 2025-11-21 03:45:02.228145
Requirement already satisfied: pip in ./Linux/cron_assignment/venv/lib/python3.12/site-packages (25.3)
Requirement already satisfied: mysql-connector-python in ./Linux/cron_assignment/venv/lib/python3.12/site-packages (from -r /home/ubuntu/Linux/cron_assignment/requirements.txt (line 1)) (9.5.0)
Data tallennettu: Helsinki 1.38°C, clouds 75%, 2025-11-21 04:00:02.548353
Requirement already satisfied: pip in ./Linux/cron_assignment/venv/lib/python3.12/site-packages (25.3)
Requirement already satisfied: mysql-connector-python in ./Linux/cron_assignment/venv/lib/python3.12/site-packages (from -r /home/ubuntu/Linux/cron_assignment/requirements.txt (line 1)) (9.5.0)
Data tallennettu: Helsinki 1.38°C, clouds 75%, 2025-11-21 04:15:02.960696
Requirement already satisfied: pip in ./Linux/cron_assignment/venv/lib/python3.12/site-packages (25.3)
Requirement already satisfied: mysql-connector-python in ./Linux/cron_assignment/venv/lib/python3.12/site-packages (from -r /home/ubuntu/Linux/cron_assignment/requirements.txt (line 1)) (9.5.0)
Data tallennettu: Helsinki 1.39°C, clouds 75%, 2025-11-21 04:30:02.233128
Requirement already satisfied: pip in ./Linux/cron_assignment/venv/lib/python3.12/site-packages (25.3)
Requirement already satisfied: mysql-connector-python in ./Linux/cron_assignment/venv/lib/python3.12/site-packages (from -r /home/ubuntu/Linux/cron_assignment/requirements.txt (line 1)) (9.5.0)
Data tallennettu: Helsinki 1.39°C, clouds 75%, 2025-11-21 04:45:02.646165
Requirement already satisfied: pip in ./Linux/cron_assignment/venv/lib/python3.12/site-packages (25.3)
Requirement already satisfied: mysql-connector-python in ./Linux/cron_assignment/venv/lib/python3.12/site-packages (from -r /home/ubuntu/Linux/cron_assignment/requirements.txt (line 1)) (9.5.0)
Data tallennettu: Helsinki 1.39°C, clouds 75%, 2025-11-21 05:00:03.119972
Requirement already satisfied: pip in ./Linux/cron_assignment/venv/lib/python3.12/site-packages (25.3)
Requirement already satisfied: mysql-connector-python in ./Linux/cron_assignment/venv/lib/python3.12/site-packages (from -r /home/ubuntu/Linux/cron_assignment/requirements.txt (line 1)) (9.5.0)
Data tallennettu: Helsinki 1.46°C, clouds 75%, 2025-11-21 05:15:02.816392
Requirement already satisfied: pip in ./Linux/cron_assignment/venv/lib/python3.12/site-packages (25.3)
Requirement already satisfied: mysql-connector-python in ./Linux/cron_assignment/venv/lib/python3.12/site-packages (from -r /home/ubuntu/Linux/cron_assignment/requirements.txt (line 1)) (9.5.0)
Data tallennettu: Helsinki 1.46°C, clouds 75%, 2025-11-21 05:30:03.116178
Requirement already satisfied: pip in ./Linux/cron_assignment/venv/lib/python3.12/site-packages (25.3)
Requirement already satisfied: mysql-connector-python in ./Linux/cron_assignment/venv/lib/python3.12/site-packages (from -r /home/ubuntu/Linux/cron_assignment/requirements.txt (line 1)) (9.5.0)
Data tallennettu: Helsinki 1.47°C, clouds 75%, 2025-11-21 05:45:02.449298
Requirement already satisfied: pip in ./Linux/cron_assignment/venv/lib/python3.12/site-packages (25.3)
Requirement already satisfied: mysql-connector-python in ./Linux/cron_assignment/venv/lib/python3.12/site-packages (from -r /home/ubuntu/Linux/cron_assignment/requirements.txt (line 1)) (9.5.0)
Data tallennettu: Helsinki 1.47°C, clouds 75%, 2025-11-21 06:00:02.880393
Requirement already satisfied: pip in ./Linux/cron_assignment/venv/lib/python3.12/site-packages (25.3)
Requirement already satisfied: mysql-connector-python in ./Linux/cron_assignment/venv/lib/python3.12/site-packages (from -r /home/ubuntu/Linux/cron_assignment/requirements.txt (line 1)) (9.5.0)
Data tallennettu: Helsinki 1.48°C, clouds 75%, 2025-11-21 06:15:03.106508
Requirement already satisfied: pip in ./Linux/cron_assignment/venv/lib/python3.12/site-packages (25.3)
Requirement already satisfied: mysql-connector-python in ./Linux/cron_assignment/venv/lib/python3.12/site-packages (from -r /home/ubuntu/Linux/cron_assignment/requirements.txt (line 1)) (9.5.0)
Data tallennettu: Helsinki 1.61°C, clouds 75%, 2025-11-21 06:30:03.162730
Requirement already satisfied: pip in ./Linux/cron_assignment/venv/lib/python3.12/site-packages (25.3)
Requirement already satisfied: mysql-connector-python in ./Linux/cron_assignment/venv/lib/python3.12/site-packages (from -r /home/ubuntu/Linux/cron_assignment/requirements.txt (line 1)) (9.5.0)
Data tallennettu: Helsinki 1.46°C, clouds 75%, 2025-11-21 06:45:02.499287
Requirement already satisfied: pip in ./Linux/cron_assignment/venv/lib/python3.12/site-packages (25.3)
Requirement already satisfied: mysql-connector-python in ./Linux/cron_assignment/venv/lib/python3.12/site-packages (from -r /home/ubuntu/Linux/cron_assignment/requirements.txt (line 1)) (9.5.0)
Data tallennettu: Helsinki 1.39°C, clouds 75%, 2025-11-21 07:00:02.914187
Requirement already satisfied: pip in ./Linux/cron_assignment/venv/lib/python3.12/site-packages (25.3)
Requirement already satisfied: mysql-connector-python in ./Linux/cron_assignment/venv/lib/python3.12/site-packages (from -r /home/ubuntu/Linux/cron_assignment/requirements.txt (line 1)) (9.5.0)
Data tallennettu: Helsinki 1.38°C, clouds 75%, 2025-11-21 07:15:03.218301
Requirement already satisfied: pip in ./Linux/cron_assignment/venv/lib/python3.12/site-packages (25.3)
Requirement already satisfied: mysql-connector-python in ./Linux/cron_assignment/venv/lib/python3.12/site-packages (from -r /home/ubuntu/Linux/cron_assignment/requirements.txt (line 1)) (9.5.0)
Data tallennettu: Helsinki 1.61°C, clouds 75%, 2025-11-21 07:30:02.524430
Requirement already satisfied: pip in ./Linux/cron_assignment/venv/lib/python3.12/site-packages (25.3)
Requirement already satisfied: mysql-connector-python in ./Linux/cron_assignment/venv/lib/python3.12/site-packages (from -r /home/ubuntu/Linux/cron_assignment/requirements.txt (line 1)) (9.5.0)
Data tallennettu: Helsinki 1.61°C, clouds 75%, 2025-11-21 07:45:02.820825
Requirement already satisfied: pip in ./Linux/cron_assignment/venv/lib/python3.12/site-packages (25.3)
Requirement already satisfied: mysql-connector-python in ./Linux/cron_assignment/venv/lib/python3.12/site-packages (from -r /home/ubuntu/Linux/cron_assignment/requirements.txt (line 1)) (9.5.0)
Data tallennettu: Helsinki 1.51°C, clouds 75%, 2025-11-21 08:00:03.197037
Requirement already satisfied: pip in ./Linux/cron_assignment/venv/lib/python3.12/site-packages (25.3)
Requirement already satisfied: mysql-connector-python in ./Linux/cron_assignment/venv/lib/python3.12/site-packages (from -r /home/ubuntu/Linux/cron_assignment/requirements.txt (line 1)) (9.5.0)
Data tallennettu: Helsinki 1.75°C, clouds 75%, 2025-11-21 08:15:02.453903
Requirement already satisfied: pip in ./Linux/cron_assignment/venv/lib/python3.12/site-packages (25.3)
Requirement already satisfied: mysql-connector-python in ./Linux/cron_assignment/venv/lib/python3.12/site-packages (from -r /home/ubuntu/Linux/cron_assignment/requirements.txt (line 1)) (9.5.0)
Data tallennettu: Helsinki 1.45°C, clouds 75%, 2025-11-21 08:30:02.805561
Requirement already satisfied: pip in ./Linux/cron_assignment/venv/lib/python3.12/site-packages (25.3)
Requirement already satisfied: mysql-connector-python in ./Linux/cron_assignment/venv/lib/python3.12/site-packages (from -r /home/ubuntu/Linux/cron_assignment/requirements.txt (line 1)) (9.5.0)
Data tallennettu: Helsinki 1.52°C, clouds 75%, 2025-11-21 08:45:03.287392
Requirement already satisfied: pip in ./Linux/cron_assignment/venv/lib/python3.12/site-packages (25.3)
Requirement already satisfied: mysql-connector-python in ./Linux/cron_assignment/venv/lib/python3.12/site-packages (from -r /home/ubuntu/Linux/cron_assignment/requirements.txt (line 1)) (9.5.0)
Data tallennettu: Helsinki 1.81°C, clouds 75%, 2025-11-21 09:00:02.686191
Requirement already satisfied: pip in ./Linux/cron_assignment/venv/lib/python3.12/site-packages (25.3)
Requirement already satisfied: mysql-connector-python in ./Linux/cron_assignment/venv/lib/python3.12/site-packages (from -r /home/ubuntu/Linux/cron_assignment/requirements.txt (line 1)) (9.5.0)
Data tallennettu: Helsinki 1.53°C, clouds 75%, 2025-11-21 09:15:02.970709
Requirement already satisfied: pip in ./Linux/cron_assignment/venv/lib/python3.12/site-packages (25.3)
Requirement already satisfied: mysql-connector-python in ./Linux/cron_assignment/venv/lib/python3.12/site-packages (from -r /home/ubuntu/Linux/cron_assignment/requirements.txt (line 1)) (9.5.0)
Data tallennettu: Helsinki 1.44°C, clouds 75%, 2025-11-21 09:30:02.315834
Requirement already satisfied: pip in ./Linux/cron_assignment/venv/lib/python3.12/site-packages (25.3)
Requirement already satisfied: mysql-connector-python in ./Linux/cron_assignment/venv/lib/python3.12/site-packages (from -r /home/ubuntu/Linux/cron_assignment/requirements.txt (line 1)) (9.5.0)
Data tallennettu: Helsinki 1.58°C, clouds 75%, 2025-11-21 09:45:02.640633
Requirement already satisfied: pip in ./Linux/cron_assignment/venv/lib/python3.12/site-packages (25.3)
Requirement already satisfied: mysql-connector-python in ./Linux/cron_assignment/venv/lib/python3.12/site-packages (from -r /home/ubuntu/Linux/cron_assignment/requirements.txt (line 1)) (9.5.0)
Data tallennettu: Helsinki 1.67°C, clouds 75%, 2025-11-21 10:00:02.985675
Requirement already satisfied: pip in ./Linux/cron_assignment/venv/lib/python3.12/site-packages (25.3)
Requirement already satisfied: mysql-connector-python in ./Linux/cron_assignment/venv/lib/python3.12/site-packages (from -r /home/ubuntu/Linux/cron_assignment/requirements.txt (line 1)) (9.5.0)
Data tallennettu: Helsinki 1.68°C, clouds 75%, 2025-11-21 10:15:02.318333
Requirement already satisfied: pip in ./Linux/cron_assignment/venv/lib/python3.12/site-packages (25.3)
Requirement already satisfied: mysql-connector-python in ./Linux/cron_assignment/venv/lib/python3.12/site-packages (from -r /home/ubuntu/Linux/cron_assignment/requirements.txt (line 1)) (9.5.0)
Data tallennettu: Helsinki 1.68°C, clouds 75%, 2025-11-21 10:30:02.665288
Requirement already satisfied: pip in ./Linux/cron_assignment/venv/lib/python3.12/site-packages (25.3)
Requirement already satisfied: mysql-connector-python in ./Linux/cron_assignment/venv/lib/python3.12/site-packages (from -r /home/ubuntu/Linux/cron_assignment/requirements.txt (line 1)) (9.5.0)
Data tallennettu: Helsinki 1.72°C, clouds 75%, 2025-11-21 10:45:03.039269
Requirement already satisfied: pip in ./Linux/cron_assignment/venv/lib/python3.12/site-packages (25.3)
Requirement already satisfied: mysql-connector-python in ./Linux/cron_assignment/venv/lib/python3.12/site-packages (from -r /home/ubuntu/Linux/cron_assignment/requirements.txt (line 1)) (9.5.0)
Data tallennettu: Helsinki 1.64°C, clouds 75%, 2025-11-21 11:00:02.426511
Requirement already satisfied: pip in ./Linux/cron_assignment/venv/lib/python3.12/site-packages (25.3)
Requirement already satisfied: mysql-connector-python in ./Linux/cron_assignment/venv/lib/python3.12/site-packages (from -r /home/ubuntu/Linux/cron_assignment/requirements.txt (line 1)) (9.5.0)
Data tallennettu: Helsinki 1.65°C, clouds 75%, 2025-11-21 11:15:02.872429
Requirement already satisfied: pip in ./Linux/cron_assignment/venv/lib/python3.12/site-packages (25.3)
Requirement already satisfied: mysql-connector-python in ./Linux/cron_assignment/venv/lib/python3.12/site-packages (from -r /home/ubuntu/Linux/cron_assignment/requirements.txt (line 1)) (9.5.0)
Data tallennettu: Helsinki 1.68°C, clouds 75%, 2025-11-21 11:30:03.294546
Requirement already satisfied: pip in ./Linux/cron_assignment/venv/lib/python3.12/site-packages (25.3)
Requirement already satisfied: mysql-connector-python in ./Linux/cron_assignment/venv/lib/python3.12/site-packages (from -r /home/ubuntu/Linux/cron_assignment/requirements.txt (line 1)) (9.5.0)
Data tallennettu: Helsinki 1.78°C, clouds 75%, 2025-11-21 11:45:02.571325
